
> product-overview@1.0.0 build-storybook
> storybook build --output-dir /var/folders/dp/ckgl3ps10892pddmqly3lfl80000gn/T/chromatic--875-H1z7OrCud19Q

@storybook/cli v8.0.8

info => Cleaning outputDir: ../../../../var/folders/dp/ckgl3ps10892pddmqly3lfl80000gn/T/chromatic--875-H1z7OrCud19Q
info => Loading presets
info => Building manager..
info => Manager built (104 ms)
info => Building preview..
WARN No story files found for the specified pattern: stories/**/*.mdx
info Addon-docs: using MDX3
info => Using implicit CSS loaders
info => Using default Webpack5 setup
=> Failed to build the preview
SB_BUILDER-WEBPACK5_0002 (WebpackInvocationError): Module not found: Error: Can't resolve './index.html' in './stories'
    at ./node_modules/@storybook/builder-webpack5/dist/index.js:1:8954
    at ./node_modules/webpack/lib/HookWebpackError.js:68:3
    at Hook.eval [as callAsync] (eval at create (./node_modules/tapable/lib/HookCodeFactory.js:33:10), <anonymous>:11:1)
    at Hook.CALL_ASYNC_DELEGATE [as _callAsync] (./node_modules/tapable/lib/Hook.js:18:14)
    at Cache.shutdown (./node_modules/webpack/lib/Cache.js:156:23)
    at ./node_modules/webpack/lib/Compiler.js:1358:15
    at Hook.eval [as callAsync] (eval at create (./node_modules/tapable/lib/HookCodeFactory.js:33:10), <anonymous>:6:1)
    at Hook.CALL_ASYNC_DELEGATE [as _callAsync] (./node_modules/tapable/lib/Hook.js:18:14)
    at Compiler.close (./node_modules/webpack/lib/Compiler.js:1351:23)
    at ./node_modules/@storybook/builder-webpack5/dist/index.js:1:8939
[?25l[2K[1G[36m?[39m [1mWould you like to help improve Storybook by sending anonymous crash reports?[22m [90m›[39m [90m(Y/n)[39m